<?xml version="1.0" encoding="UTF-8"?>
<robot generator="Robot 5.0.1 (Python 3.9.2 on win32)" generated="20220728 21:30:44.498" rpa="false" schemaversion="3">
<suite id="s1" name="Char Marvel" source="C:\Users\cecilia.ferreira\Documents\escola tec\Python\char_marvel.robot">
<test id="s1-t1" name="Testar API Catalago Kabum" line="6">
<kw name="Configurar Sessao">
<kw name="Create Session" library="RequestsLibrary">
<arg>requisicao_catalago</arg>
<arg>https://servicespub.prod.api.aws.grupokabum.com.br</arg>
<arg>headers=${HEADERS}</arg>
<arg>verify=true</arg>
<doc>Create Session: create a HTTP session to a server</doc>
<msg timestamp="20220728 21:30:44.623" level="INFO">Creating Session using : alias=requisicao_catalago, url=https://servicespub.prod.api.aws.grupokabum.com.br, headers={'Referer': 'kabum.com.br', 'Content-Type': 'application/json', 'user-agent': 'Mozilla/5.0 (Windows NT 10.0; Win64; x64) AppleWebKit/537.36 (KHTML, like Gecko) Chrome/103.0.0.0 Safari/537.36'},                     cookies={}, auth=None, timeout=None, proxies=None, verify=True,                     debug=0 </msg>
<status status="PASS" starttime="20220728 21:30:44.623" endtime="20220728 21:30:44.623"/>
</kw>
<status status="PASS" starttime="20220728 21:30:44.622" endtime="20220728 21:30:44.624"/>
</kw>
<kw name="Realizar requisicao no catalago">
<kw name="GET On Session" library="RequestsLibrary">
<var>${resposta_catalog}</var>
<arg>requisicao_catalago</arg>
<arg>/catalog/v2/releases</arg>
<doc>Sends a GET request on a previously created HTTP Session.</doc>
<msg timestamp="20220728 21:30:45.700" level="INFO">GET Request : url=https://servicespub.prod.api.aws.grupokabum.com.br/catalog/v2/releases 
 path_url=/catalog/v2/releases 
 headers={'user-agent': 'Mozilla/5.0 (Windows NT 10.0; Win64; x64) AppleWebKit/537.36 (KHTML, like Gecko) Chrome/103.0.0.0 Safari/537.36', 'Accept-Encoding': 'gzip, deflate', 'Accept': '*/*', 'Connection': 'keep-alive', 'Referer': 'kabum.com.br', 'Content-Type': 'application/json'} 
 body=None 
 </msg>
<msg timestamp="20220728 21:30:45.718" level="INFO">GET Response : url=https://servicespub.prod.api.aws.grupokabum.com.br/catalog/v2/releases 
 status=200, reason=OK 
 headers={'Content-Type': 'application/vnd.api+json', 'Content-Length': '97401', 'Connection': 'keep-alive', 'Date': 'Fri, 29 Jul 2022 00:30:44 GMT', 'Server': 'nginx', 'FRONT-X-Request_ID': 'acc4f7922dcb181d713196906fe547de', 'Strict-Transport-Security': 'max-age=15552000', 'Access-Control-Allow-Headers': 'Origin, Content-Type, Accept, mfa-code, mfa_code, client_id, client-id, session, x-datadome-clientid, basket_id, delivery_uuid, service_provider, zip_code', 'Access-Control-Allow-Methods': 'GET, POST, PUT, OPTIONS, DELETE', 'X-Cache': 'Miss from cloudfront', 'Via': '1.1 fab99cfc983e6d3d934230a14a1984b4.cloudfront.net (CloudFront)', 'X-Amz-Cf-Pop': 'GIG51-P1', 'X-Amz-Cf-Id': '70Fjn4wqga5qt5Hp8vBriLwReYIGjb7E_JRglz7jnYHWZm79Wk4jXA=='} 
 body={"meta":{"total_items_count":129,"total_pages_count":13,"page":{"cursor":"","number":1,"size":10,"is_current_page":true},"breadcrumb":[],"seo":{},"filters":{"bool_filters":[{"name":"has_flash","values":[false],"text":"Flash"},{"name":"has_offer","values":[true,false],"text":"Oferta"},{"name":"has_open_box","values":[false],"text":"Openbox"},{"name":"has_prime","values":[false,true],"text":"Prime"},{"name":"kabum_product","values":[true],"text":"KaBuM!"}],"string_filters":[{"name":"category","values":["Geek","Periféricos","Hardware","Computadores","Áudio","Celular &amp; Smartphone","Games","TV","Cuidados Pessoais","Smart Home"],"text":"Categorias"},{"name":"manufacturer","values":["Lego","Dell","Amd","Galápagos Jogos","XP-Pen","WAAW","Panini","Concordia","Huawei","Intel","Acer","Canon","PCYES","Samsung","Sony","Creality","Epson","Koch Media","LG","NTC","On Press","Philco","Redragon","TP-Link"],"text":"Marcas"}],"number_filters":[{"name":"price","min":12.0,"max":115788.42,"text":"Preço"}]}},"links":{"redirect":null,"first":"/catalog/v2/releases/?page_cursor=Tk9UIElTIFVTRQ==&amp;page_number=1&amp;page_size=10","self":"/catalog/v2/releases/?page_cursor=&amp;page_number=1&amp;page_size=10","last":"/catalog/v2/releases/?page_cursor=Tk9UIElTIFVTRQ==&amp;page_number=13&amp;page_size=10","next":"/catalog/v2/releases/?page_cursor=Tk9UIElTIFVTRQ==&amp;page_number=2&amp;page_size=10"},"data":[{"type":"product","id":366810,"links":{"self":"/catalog/v2/products/366810"},"relationships":{},"attributes":{"menu":"Geek/Colecionáveis/Lego/LEGO Ideas","title":"LEGO Horizon Forbidden West: Pescoção, 1222 Peças - 76989","description":"&lt;h2&gt;LEGO Horizon Forbidden West: Pesco&amp;ccedil;&amp;atilde;o&lt;/h2&gt;\n&lt;p&gt;&amp;nbsp;&lt;/p&gt;\n&lt;p&gt;Construa o supremo modelo em pe&amp;ccedil;as LEGO&amp;reg; (76989) da m&amp;aacute;quina mais ic&amp;ocirc;nica de Horizon em Forbidden West: Pesco&amp;ccedil;&amp;atilde;o. Use t&amp;eacute;cnicas de constru&amp;ccedil;&amp;atilde;o inteligentes para captar detalhes aut&amp;ecirc;nticos desta m&amp;aacute;quina Communications Class, desde sua cabe&amp;ccedil;a lisa em forma de disco at&amp;eacute; suas pernas longas e finas. Exponha o Pesco&amp;ccedil;&amp;atilde;o em um suporte com detalhes constru&amp;iacute;dos com pe&amp;ccedil;as da paisagem de Horizon que incluem uma b&amp;eacute;tula e sem&amp;aacute;foro enferrujado. Uma minifigura de Aloy com armas, e tamb&amp;eacute;m uma figura de Watcher com uma escolha de olhos azuis, amarelos ou vermelhos completam esta not&amp;aacute;vel pe&amp;ccedil;a central.&lt;/p&gt;\n&lt;p&gt;&amp;nbsp;&lt;/p&gt;\n&lt;h3&gt;Compre agora no KaBuM!&lt;/h3&gt;","weight":2352.0,"price":842.09,"old_price":0.0,"discount_percentage":5,"price_with_discount":799.99,"offer":{"id":"593346","name":"Julho Gamer","reference_banner":"julhogamer","starts_at":1658752140,"ends_at":1659351600,"quantity_available":4,"price":809.47,"price_with_discount":769.0,"discount_percentage":3,"is_logged_user_exclusive":false,"hash_code":"385823e7554cecffa5b04aa0a5e63bff05500595"},"prime":null,"origin":null,"is_prime":false,"is_openbox":false,"has_free_shipping":false,"has_free_shipping_for_prime_user":false,"has_pix_shipping":false,"is_pre_order":false,"date_pre_order":null,"available":true,"species":0,"stock":6,"limit_buy":2,"type":0,"external_url":"","warranty":"3 meses de garantia (correspondente à garantia legal, nos termos do artigo 26, II, do Código de Defesa do Consumidor)","score_of_ratings":0,"number_of_ratings":0,"is_marketplace":false,"marketplace":{},"manufacturer":{"id":1507,"name":"Lego","img":"https://images4.kabum.com.br/produtos/fabricantes/logo-lego.jpg"},"photos":{"p":["https://images.kabum.com.br/produtos/fotos/366810/lego-horizon-forbidden-west-pescocao-1222-pecas-76989_1658926837_p.jpg","https://images.kabum.com.br/produtos/fotos/366810/lego-horizon-forbidden-west-pescocao-1222-pecas-76989_1658926838_p.jpg","https://images.kabum.com.br/produtos/fotos/366810/lego-horizon-forbidden-west-pescocao-1222-pecas-76989_1658926840_p.jpg","https://images.kabum.com.br/produtos/fotos/366810/lego-horizon-forbidden-west-pescocao-1222-pecas-76989_1658926839_p.jpg","https://images.kabum.com.br/produtos/fotos/366810/lego-horizon-forbidden-west-pescocao-1222-pecas-76989_1658926841_p.jpg","https://images.kabum.com.br/produtos/fotos/366810/lego-horizon-forbidden-west-pescocao-1222-pecas-76989_1658926844_p.jpg","https://images.kabum.com.br/produtos/fotos/366810/lego-horizon-forbidden-west-pescocao-1222-pecas-76989_1658926843_p.jpg","https://images.kabum.com.br/produtos/fotos/366810/lego-horizon-forbidden-west-pescocao-1222-pecas-76989_1658926842_p.jpg"],"m":["https://images.kabum.com.br/produtos/fotos/366810/lego-horizon-forbidden-west-pescocao-1222-pecas-76989_1658926837_m.jpg","https://images.kabum.com.br/produtos/fotos/366810/lego-horizon-forbidden-west-pescocao-1222-pecas-76989_1658926838_m.jpg","https://images.kabum.com.br/produtos/fotos/366810/lego-horizon-forbidden-west-pescocao-1222-pecas-76989_1658926840_m.jpg","https://images.kabum.com.br/produtos/fotos/366810/lego-horizon-forbidden-west-pescocao-1222-pecas-76989_1658926839_m.jpg","https://images.kabum.com.br/produtos/fotos/366810/lego-horizon-forbidden-west-pescocao-1222-pecas-76989_1658926841_m.jpg","https://images.kabum.com.br/produtos/fotos/366810/lego-horizon-forbidden-west-pescocao-1222-pecas-76989_1658926844_m.jpg","https://images.kabum.com.br/produtos/fotos/366810/lego-horizon-forbidden-west-pescocao-1222-pecas-76989_1658926843_m.jpg","https://images.kabum.com.br/produtos/fotos/366810/lego-horizon-forbidden-west-pescocao-1222-pecas-76989_1658926842_m.jpg"],"g":["https://images.kabum.com.br/produtos/fotos/366810/lego-horizon-forbidden-west-pescocao-1222-pecas-76989_1658926837_g.jpg","https://images.kabum.com.br/produtos/fotos/366810/lego-horizon-forbidden-west-pescocao-1222-pecas-76989_1658926838_g.jpg","https://images.kabum.com.br/produtos/fotos/366810/lego-horizon-forbidden-west-pescocao-1222-pecas-76989_1658926840_g.jpg","https://images.kabum.com.br/produtos/fotos/366810/lego-horizon-forbidden-west-pescocao-1222-pecas-76989_1658926839_g.jpg","https://images.kabum.com.br/produtos/fotos/366810/lego-horizon-forbidden-west-pescocao-1222-pecas-76989_1658926841_g.jpg","https://images.kabum.com.br/produtos/fotos/366810/lego-horizon-forbidden-west-pescocao-1222-pecas-76989_1658926844_g.jpg","https://images.kabum.com.br/produtos/fotos/366810/lego-horizon-forbidden-west-pescocao-1222-pecas-76989_1658926843_g.jpg","https://images.kabum.com.br/produtos/fotos/366810/lego-horizon-forbidden-west-pescocao-1222-pecas-76989_1658926842_g.jpg"],"gg":["https://images.kabum.com.br/produtos/fotos/366810/lego-horizon-forbidden-west-pescocao-1222-pecas-76989_1658926837_gg.jpg","https://images.kabum.com.br/produtos/fotos/366810/lego-horizon-forbidden-west-pescocao-1222-pecas-76989_1658926838_gg.jpg","https://images.kabum.com.br/produtos/fotos/366810/lego-horizon-forbidden-west-pescocao-1222-pecas-76989_1658926840_gg.jpg","https://images.kabum.com.br/produtos/fotos/366810/lego-horizon-forbidden-west-pescocao-1222-pecas-76989_1658926839_gg.jpg","https://images.kabum.com.br/produtos/fotos/366810/lego-horizon-forbidden-west-pescocao-1222-pecas-76989_1658926841_gg.jpg","https://images.kabum.com.br/produtos/fotos/366810/lego-horizon-forbidden-west-pescocao-1222-pecas-76989_1658926844_gg.jpg","https://images.kabum.com.br/produtos/fotos/366810/lego-horizon-forbidden-west-pescocao-1222-pecas-76989_1658926843_gg.jpg","https://images.kabum.com.br/produtos/fotos/366810/lego-horizon-forbidden-west-pescocao-1222-pecas-76989_1658926842_gg.jpg"]},"images":["https://images.kabum.com.br/produtos/fotos/366810/lego-horizon-forbidden-west-pescocao-1222-pecas-76989_1658926837_original.jpg","https://images.kabum.com.br/produtos/fotos/366810/lego-horizon-forbidden-west-pescocao-1222-pecas-76989_1658926838_original.jpg","https://images.kabum.com.br/produtos/fotos/366810/lego-horizon-forbidden-west-pescocao-1222-pecas-76989_1658926840_original.jpg","https://images.kabum.com.br/produtos/fotos/366810/lego-horizon-forbidden-west-pescocao-1222-pecas-76989_1658926839_original.jpg","https://images.kabum.com.br/produtos/fotos/366810/lego-horizon-forbidden-west-pescocao-1222-pecas-76989_1658926841_original.jpg","https://images.kabum.com.br/produtos/fotos/366810/lego-horizon-forbidden-west-pescocao-1222-pecas-76989_1658926844_original.jpg","https://images.kabum.com.br/produtos/fotos/366810/lego-horizon-forbidden-west-pescocao-1222-pecas-76989_1658926843_original.jpg","https://images.kabum.com.br/produtos/fotos/366810/lego-horizon-forbidden-west-pescocao-1222-pecas-76989_1658926842_original.jpg"],"tag_description":"","ufs_flash":[]}},{"type":"product","id":367030,"links":{"self":"/catalog/v2/products/367030"},"relationships":{},"attributes":{"menu":"Periféricos/Teclado e Mouse/Mouse com Fio","title":"Mouse Sem Fio Dell, Bluetooth, 1600 DPI, 7 Botões, Cinza Titã - MS5320W","description":"&lt;h2&gt;Trabalhe perfeitamente em seu desktop, laptop e 2 em 1 com este mouse wireless esculpido&lt;/h2&gt;\n&lt;p&gt;&amp;nbsp;&lt;/p&gt;\n&lt;p&gt;Trabalhe perfeitamente em seu desktop, laptop e 2 em 1 com este Mouse Bluetooth esculpido. Os dois m&amp;eacute;todos de conex&amp;atilde;o sem fio de 2,4 GHz e via Bluetooth 5.0 permitem alternar facilmente entre seu laptop, desktop ou 2 em 1 com o clique de um bot&amp;atilde;o. Emparelhe instantaneamente cada dispositivo com seu sistema compat&amp;iacute;vel com Windows 10 por meio de Bluetooth sem precisar definir as configura&amp;ccedil;&amp;otilde;es todas as vezes com o Microsoft Swift Pair. Compat&amp;iacute;vel com diversos sistemas operacionais Windows, Mac, Chrome, Linux e Android, este mouse oferece a m&amp;aacute;xima flexibilidade.&lt;/p&gt;\n&lt;p&gt;&amp;nbsp;&lt;/p&gt;\n&lt;p&gt;Trabalhe por mais tempo sem interrup&amp;ccedil;&amp;otilde;es. Com uma bateria que dura at&amp;eacute; 36 meses, este mouse garante que voc&amp;ecirc; n&amp;atilde;o precise se preocupar em trocar a bateria. Se ele apresentar defeitos durante a garantia de tr&amp;ecirc;s anos, o servi&amp;ccedil;o de troca avan&amp;ccedil;ada da Dell entregar&amp;aacute; a voc&amp;ecirc; um mouse substituto. Testado e certificado com os sistemas Dell, este mouse wireless funciona perfe... (set the log level to DEBUG or TRACE to see the full content) 
 </msg>
<msg timestamp="20220728 21:30:45.718" level="INFO">${resposta_catalog} = &lt;Response [200]&gt;</msg>
<status status="PASS" starttime="20220728 21:30:44.624" endtime="20220728 21:30:45.718"/>
</kw>
<kw name="Log To Console" library="BuiltIn">
<arg>${resposta_catalog}</arg>
<doc>Logs the given message to the console.</doc>
<status status="PASS" starttime="20220728 21:30:45.719" endtime="20220728 21:30:45.719"/>
</kw>
<kw name="Set Test Variable" library="BuiltIn">
<arg>${resposta_catalog}</arg>
<doc>Makes a variable available everywhere within the scope of the current test.</doc>
<msg timestamp="20220728 21:30:45.720" level="INFO">${resposta_catalog} = &lt;Response [200]&gt;</msg>
<status status="PASS" starttime="20220728 21:30:45.719" endtime="20220728 21:30:45.720"/>
</kw>
<status status="PASS" starttime="20220728 21:30:44.624" endtime="20220728 21:30:45.720"/>
</kw>
<status status="PASS" starttime="20220728 21:30:44.622" endtime="20220728 21:30:45.720"/>
</test>
<status status="PASS" starttime="20220728 21:30:44.500" endtime="20220728 21:30:45.722"/>
</suite>
<statistics>
<total>
<stat pass="1" fail="0" skip="0">All Tests</stat>
</total>
<tag>
</tag>
<suite>
<stat pass="1" fail="0" skip="0" id="s1" name="Char Marvel">Char Marvel</stat>
</suite>
</statistics>
<errors>
</errors>
</robot>
